c:\users\middlew\desktop\videoplayer\videoplayer\build\videoplayer.dir\debug\vc143.pdb
c:\users\middlew\desktop\videoplayer\videoplayer\build\videoplayer.dir\debug\gl_vertex_buff.obj
c:\users\middlew\desktop\videoplayer\videoplayer\build\videoplayer.dir\debug\gl_vertex_array.obj
c:\users\middlew\desktop\videoplayer\videoplayer\build\videoplayer.dir\debug\gl_texture2d.obj
c:\users\middlew\desktop\videoplayer\videoplayer\build\videoplayer.dir\debug\gl_shader.obj
c:\users\middlew\desktop\videoplayer\videoplayer\build\videoplayer.dir\debug\gl_element_array.obj
c:\users\middlew\desktop\videoplayer\videoplayer\build\videoplayer.dir\debug\clock.obj
c:\users\middlew\desktop\videoplayer\videoplayer\build\videoplayer.dir\debug\test.obj
c:\users\middlew\desktop\videoplayer\videoplayer\build\videoplayer.dir\debug\glad.obj
c:\users\middlew\desktop\videoplayer\videoplayer\build\cmakefiles\generate.stamp
c:\users\middlew\desktop\videoplayer\videoplayer\build\debug\videoplayer.exe
c:\users\middlew\desktop\videoplayer\videoplayer\build\videoplayer.dir\debug\videoplayer.ilk
c:\users\middlew\desktop\videoplayer\videoplayer\build\debug\videoplayer.pdb
c:\users\middlew\desktop\videoplayer\videoplayer\build\videoplayer.dir\debug\videoplayer.tlog\cl.command.1.tlog
c:\users\middlew\desktop\videoplayer\videoplayer\build\videoplayer.dir\debug\videoplayer.tlog\cl.items.tlog
c:\users\middlew\desktop\videoplayer\videoplayer\build\videoplayer.dir\debug\videoplayer.tlog\cl.read.1.tlog
c:\users\middlew\desktop\videoplayer\videoplayer\build\videoplayer.dir\debug\videoplayer.tlog\cl.write.1.tlog
c:\users\middlew\desktop\videoplayer\videoplayer\build\videoplayer.dir\debug\videoplayer.tlog\custombuild.command.1.tlog
c:\users\middlew\desktop\videoplayer\videoplayer\build\videoplayer.dir\debug\videoplayer.tlog\custombuild.read.1.tlog
c:\users\middlew\desktop\videoplayer\videoplayer\build\videoplayer.dir\debug\videoplayer.tlog\custombuild.write.1.tlog
c:\users\middlew\desktop\videoplayer\videoplayer\build\videoplayer.dir\debug\videoplayer.tlog\link.command.1.tlog
c:\users\middlew\desktop\videoplayer\videoplayer\build\videoplayer.dir\debug\videoplayer.tlog\link.read.1.tlog
c:\users\middlew\desktop\videoplayer\videoplayer\build\videoplayer.dir\debug\videoplayer.tlog\link.write.1.tlog
